This is pdfTeX, Version 3.14159265-2.6-1.40.19 (MiKTeX 2.9.6745 64-bit) (preloaded format=pdflatex 2018.8.17)  26 DEC 2018 13:27
entering extended mode
**C:/Users/le279259/Documents/Research/CIforAUROC/CI_for_AUROC/Article/PredAURO
C.tex

(C:/Users/le279259/Documents/Research/CIforAUROC/CI_for_AUROC/Article/PredAUROC
.tex
LaTeX2e <2018-04-01> patch level 5

("C:\Users\le279259\AppData\Local\Programs\MiKTeX 2.9\tex\latex\base\article.cl
s"
Document Class: article 2014/09/29 v1.4h Standard LaTeX document class
("C:\Users\le279259\AppData\Local\Programs\MiKTeX 2.9\tex\latex\base\size12.clo
"
File: size12.clo 2014/09/29 v1.4h Standard LaTeX file (size option)
)
\c@part=\count80
\c@section=\count81
\c@subsection=\count82
\c@subsubsection=\count83
\c@paragraph=\count84
\c@subparagraph=\count85
\c@figure=\count86
\c@table=\count87
\abovecaptionskip=\skip41
\belowcaptionskip=\skip42
\bibindent=\dimen102
)
("C:\Users\le279259\AppData\Local\Programs\MiKTeX 2.9\tex\latex\preprint\fullpa
ge.sty"
Package: fullpage 1999/02/23 1.1 (PWD)
\FP@margin=\skip43
)
("C:\Users\le279259\AppData\Local\Programs\MiKTeX 2.9\tex\latex\graphics\graphi
cx.sty"
Package: graphicx 2017/06/01 v1.1a Enhanced LaTeX Graphics (DPC,SPQR)

("C:\Users\le279259\AppData\Local\Programs\MiKTeX 2.9\tex\latex\graphics\keyval
.sty"
Package: keyval 2014/10/28 v1.15 key=value parser (DPC)
\KV@toks@=\toks14
)
("C:\Users\le279259\AppData\Local\Programs\MiKTeX 2.9\tex\latex\graphics\graphi
cs.sty"
Package: graphics 2017/06/25 v1.2c Standard LaTeX Graphics (DPC,SPQR)

("C:\Users\le279259\AppData\Local\Programs\MiKTeX 2.9\tex\latex\graphics\trig.s
ty"
Package: trig 2016/01/03 v1.10 sin cos tan (DPC)
)
("C:\Users\le279259\AppData\Local\Programs\MiKTeX 2.9\tex\latex\graphics-cfg\gr
aphics.cfg"
File: graphics.cfg 2016/06/04 v1.11 sample graphics configuration
)
Package graphics Info: Driver file: pdftex.def on input line 99.

("C:\Users\le279259\AppData\Local\Programs\MiKTeX 2.9\tex\latex\graphics-def\pd
ftex.def"
File: pdftex.def 2018/01/08 v1.0l Graphics/color driver for pdftex
))
\Gin@req@height=\dimen103
\Gin@req@width=\dimen104
)
("C:\Users\le279259\AppData\Local\Programs\MiKTeX 2.9\tex\latex\subfig\subfig.s
ty"
Package: subfig 2005/06/28 ver: 1.3 subfig package

("C:\Users\le279259\AppData\Local\Programs\MiKTeX 2.9\tex\latex\caption\caption
.sty"
Package: caption 2018/05/01 v3.3-147 Customizing captions (AR)

("C:\Users\le279259\AppData\Local\Programs\MiKTeX 2.9\tex\latex\caption\caption
3.sty"
Package: caption3 2018/05/27 v1.8a caption3 kernel (AR)
Package caption3 Info: TeX engine: e-TeX on input line 64.
\captionmargin=\dimen105
\captionmargin@=\dimen106
\captionwidth=\dimen107
\caption@tempdima=\dimen108
\caption@indent=\dimen109
\caption@parindent=\dimen110
\caption@hangindent=\dimen111
)
\c@ContinuedFloat=\count88
)
\c@KVtest=\count89
\sf@farskip=\skip44
\sf@captopadj=\dimen112
\sf@capskip=\skip45
\sf@nearskip=\skip46
\c@subfigure=\count90
\c@subfigure@save=\count91
\c@lofdepth=\count92
\c@subtable=\count93
\c@subtable@save=\count94
\c@lotdepth=\count95
\sf@top=\skip47
\sf@bottom=\skip48
)
("C:\Users\le279259\AppData\Local\Programs\MiKTeX 2.9\tex\latex\amsmath\amsmath
.sty"
Package: amsmath 2017/09/02 v2.17a AMS math features
\@mathmargin=\skip49

For additional information on amsmath, use the `?' option.

("C:\Users\le279259\AppData\Local\Programs\MiKTeX 2.9\tex\latex\amsmath\amstext
.sty"
Package: amstext 2000/06/29 v2.01 AMS text

("C:\Users\le279259\AppData\Local\Programs\MiKTeX 2.9\tex\latex\amsmath\amsgen.
sty"
File: amsgen.sty 1999/11/30 v2.0 generic functions
\@emptytoks=\toks15
\ex@=\dimen113
))
("C:\Users\le279259\AppData\Local\Programs\MiKTeX 2.9\tex\latex\amsmath\amsbsy.
sty"
Package: amsbsy 1999/11/29 v1.2d Bold Symbols
\pmbraise@=\dimen114
)
("C:\Users\le279259\AppData\Local\Programs\MiKTeX 2.9\tex\latex\amsmath\amsopn.
sty"
Package: amsopn 2016/03/08 v2.02 operator names
)
\inf@bad=\count96
LaTeX Info: Redefining \frac on input line 213.
\uproot@=\count97
\leftroot@=\count98
LaTeX Info: Redefining \overline on input line 375.
\classnum@=\count99
\DOTSCASE@=\count100
LaTeX Info: Redefining \ldots on input line 472.
LaTeX Info: Redefining \dots on input line 475.
LaTeX Info: Redefining \cdots on input line 596.
\Mathstrutbox@=\box26
\strutbox@=\box27
\big@size=\dimen115
LaTeX Font Info:    Redeclaring font encoding OML on input line 712.
LaTeX Font Info:    Redeclaring font encoding OMS on input line 713.
\macc@depth=\count101
\c@MaxMatrixCols=\count102
\dotsspace@=\muskip10
\c@parentequation=\count103
\dspbrk@lvl=\count104
\tag@help=\toks16
\row@=\count105
\column@=\count106
\maxfields@=\count107
\andhelp@=\toks17
\eqnshift@=\dimen116
\alignsep@=\dimen117
\tagshift@=\dimen118
\tagwidth@=\dimen119
\totwidth@=\dimen120
\lineht@=\dimen121
\@envbody=\toks18
\multlinegap=\skip50
\multlinetaggap=\skip51
\mathdisplay@stack=\toks19
LaTeX Info: Redefining \[ on input line 2817.
LaTeX Info: Redefining \] on input line 2818.
)
("C:\Users\le279259\AppData\Local\Programs\MiKTeX 2.9\tex\latex\import\import.s
ty"
Package: import 2009/03/23  v 5.1
)
("C:\Users\le279259\AppData\Local\Programs\MiKTeX 2.9\tex\latex\natbib\natbib.s
ty"
Package: natbib 2010/09/13 8.31b (PWD, AO)
\bibhang=\skip52
\bibsep=\skip53
LaTeX Info: Redefining \cite on input line 694.
\c@NAT@ctr=\count108
) (PredAUROC.aux

LaTeX Warning: Label `eqn:auroc' multiply defined.

)
\openout1 = `PredAUROC.aux'.

LaTeX Font Info:    Checking defaults for OML/cmm/m/it on input line 120.
LaTeX Font Info:    ... okay on input line 120.
LaTeX Font Info:    Checking defaults for T1/cmr/m/n on input line 120.
LaTeX Font Info:    ... okay on input line 120.
LaTeX Font Info:    Checking defaults for OT1/cmr/m/n on input line 120.
LaTeX Font Info:    ... okay on input line 120.
LaTeX Font Info:    Checking defaults for OMS/cmsy/m/n on input line 120.
LaTeX Font Info:    ... okay on input line 120.
LaTeX Font Info:    Checking defaults for OMX/cmex/m/n on input line 120.
LaTeX Font Info:    ... okay on input line 120.
LaTeX Font Info:    Checking defaults for U/cmr/m/n on input line 120.
LaTeX Font Info:    ... okay on input line 120.

("C:\Users\le279259\AppData\Local\Programs\MiKTeX 2.9\tex\context\base\supp-pdf
.mkii"
[Loading MPS to PDF converter (version 2006.09.02).]
\scratchcounter=\count109
\scratchdimen=\dimen122
\scratchbox=\box28
\nofMPsegments=\count110
\nofMParguments=\count111
\everyMPshowfont=\toks20
\MPscratchCnt=\count112
\MPscratchDim=\dimen123
\MPnumerator=\count113
\makeMPintoPDFobject=\count114
\everyMPtoPDFconversion=\toks21
)
("C:\Users\le279259\AppData\Local\Programs\MiKTeX 2.9\tex\latex\oberdiek\epstop
df-base.sty"
Package: epstopdf-base 2016/05/15 v2.6 Base part for package epstopdf

("C:\Users\le279259\AppData\Local\Programs\MiKTeX 2.9\tex\generic\oberdiek\infw
arerr.sty"
Package: infwarerr 2016/05/16 v1.4 Providing info/warning/error messages (HO)
)
("C:\Users\le279259\AppData\Local\Programs\MiKTeX 2.9\tex\latex\oberdiek\grfext
.sty"
Package: grfext 2016/05/16 v1.2 Manage graphics extensions (HO)

("C:\Users\le279259\AppData\Local\Programs\MiKTeX 2.9\tex\generic\oberdiek\kvde
finekeys.sty"
Package: kvdefinekeys 2016/05/16 v1.4 Define keys (HO)

("C:\Users\le279259\AppData\Local\Programs\MiKTeX 2.9\tex\generic\oberdiek\ltxc
mds.sty"
Package: ltxcmds 2016/05/16 v1.23 LaTeX kernel commands for general use (HO)
)))
("C:\Users\le279259\AppData\Local\Programs\MiKTeX 2.9\tex\latex\oberdiek\kvopti
ons.sty"
Package: kvoptions 2016/05/16 v3.12 Key value format for package options (HO)

("C:\Users\le279259\AppData\Local\Programs\MiKTeX 2.9\tex\generic\oberdiek\kvse
tkeys.sty"
Package: kvsetkeys 2016/05/16 v1.17 Key value parser (HO)

("C:\Users\le279259\AppData\Local\Programs\MiKTeX 2.9\tex\generic\oberdiek\etex
cmds.sty"
Package: etexcmds 2016/05/16 v1.6 Avoid name clashes with e-TeX commands (HO)

("C:\Users\le279259\AppData\Local\Programs\MiKTeX 2.9\tex\generic\oberdiek\iflu
atex.sty"
Package: ifluatex 2016/05/16 v1.4 Provides the ifluatex switch (HO)
Package ifluatex Info: LuaTeX not detected.
)
Package etexcmds Info: Could not find \expanded.
(etexcmds)             That can mean that you are not using pdfTeX 1.50 or
(etexcmds)             that some package has redefined \expanded.
(etexcmds)             In the latter case, load this package earlier.
)))
("C:\Users\le279259\AppData\Local\Programs\MiKTeX 2.9\tex\generic\oberdiek\pdft
excmds.sty"
Package: pdftexcmds 2018/01/30 v0.27 Utility functions of pdfTeX for LuaTeX (HO
)

("C:\Users\le279259\AppData\Local\Programs\MiKTeX 2.9\tex\generic\oberdiek\ifpd
f.sty"
Package: ifpdf 2017/03/15 v3.2 Provides the ifpdf switch
)
Package pdftexcmds Info: LuaTeX not detected.
Package pdftexcmds Info: \pdf@primitive is available.
Package pdftexcmds Info: \pdf@ifprimitive is available.
Package pdftexcmds Info: \pdfdraftmode found.
)
Package epstopdf-base Info: Redefining graphics rule for `.eps' on input line 4
38.
Package grfext Info: Graphics extension search list:
(grfext)             [.pdf,.png,.jpg,.mps,.jpeg,.jbig2,.jb2,.PDF,.PNG,.JPG,.JPE
G,.JBIG2,.JB2,.eps]
(grfext)             \AppendGraphicsExtensions on input line 456.
)
Package caption Info: Begin \AtBeginDocument code.
Package caption Info: subfig package v1.3 is loaded.
Package caption Info: End \AtBeginDocument code.
 (Text/PredAUROCabstract1.tex) (Text/PredAUROCintro2.tex [1

{C:/Users/le279259/AppData/Local/MiKTeX/2.9/pdftex/config/pdftex.map}] [2] [3])

(Text/PredAUROCtheory4.tex
Underfull \hbox (badness 10000) in paragraph at lines 25--26

 []

[4] [5]) (Text/PredAUROCsoln3.tex [6] [7] (Figs/KLD/FigsKLDdist1.tex
<Figs/KLD/KLD_calc_3.png, id=38, 361.35pt x 323.70938pt>
File: Figs/KLD/KLD_calc_3.png Graphic file (type png)
<use Figs/KLD/KLD_calc_3.png>
Package pdftex.def Info: Figs/KLD/KLD_calc_3.png  used on input line 11.
(pdftex.def)             Requested size: 180.67456pt x 161.8543pt.


LaTeX Warning: `!h' float specifier changed to `!ht'.

) [8] [9 <./Figs/KLD/KLD_calc_3.png>] [10]) (Text/PredAUROCsims2.tex [11]
[12] (Figs/Forecast/FigsForecast1.tex
<Figs/Forecast/Forecast_int_1.png, id=58, 481.8pt x 481.8pt>
File: Figs/Forecast/Forecast_int_1.png Graphic file (type png)
<use Figs/Forecast/Forecast_int_1.png>
Package pdftex.def Info: Figs/Forecast/Forecast_int_1.png  used on input line 1
1.
(pdftex.def)             Requested size: 361.3491pt x 361.3491pt.


LaTeX Warning: `!h' float specifier changed to `!ht'.

) [13] [14 <./Figs/Forecast/Forecast_int_1.png>]
(Tabs/TabsCoverage/TabsCoverageFull1.tex

LaTeX Warning: `!h' float specifier changed to `!ht'.

) [15]) (Text/PredAUROCconc2.tex [16] [17]) (PredAUROC.bbl [18])
(Text/PredAUROCappAUROC1.tex [19] (Figs/ROC/FigsROCcurve1.tex
<Figs/ROC/ROC_curve_3.png, id=86, 301.8778pt x 194.22563pt>
File: Figs/ROC/ROC_curve_3.png Graphic file (type png)
<use Figs/ROC/ROC_curve_3.png>
Package pdftex.def Info: Figs/ROC/ROC_curve_3.png  used on input line 11.
(pdftex.def)             Requested size: 226.40779pt x 145.66885pt.
) [20 <./Figs/ROC/ROC_curve_3.png>] (Figs/Volume/FigsVolume1.tex
<Figs/Volume/AUROC_vol_3.png, id=91, 381.67593pt x 259.7203pt>
File: Figs/Volume/AUROC_vol_3.png Graphic file (type png)
<use Figs/Volume/AUROC_vol_3.png>
Package pdftex.def Info: Figs/Volume/AUROC_vol_3.png  used on input line 11.
(pdftex.def)             Requested size: 190.8375pt x 129.85983pt.


LaTeX Warning: `!h' float specifier changed to `!ht'.

) [21] [22 <./Figs/Volume/AUROC_vol_3.png>]
(Figs/Classification/FigsClassification2.tex
<Figs/Classification/LogisticReg_5.png, id=99, 284.56313pt x 219.06844pt>
File: Figs/Classification/LogisticReg_5.png Graphic file (type png)
<use Figs/Classification/LogisticReg_5.png>
Package pdftex.def Info: Figs/Classification/LogisticReg_5.png  used on input l
ine 8.
(pdftex.def)             Requested size: 211.38832pt x 162.74321pt.
<Figs/Classification/ROC_distns_1.png, id=100, 284.56313pt x 219.06844pt>
File: Figs/Classification/ROC_distns_1.png Graphic file (type png)
<use Figs/Classification/ROC_distns_1.png>
Package pdftex.def Info: Figs/Classification/ROC_distns_1.png  used on input li
ne 15.
(pdftex.def)             Requested size: 211.38832pt x 162.74321pt.
)) (Text/PredAUROCappSoln1.tex
[23 <./Figs/Classification/LogisticReg_5.png> <./Figs/Classification/ROC_distns
_1.png>] [24]) [25] (PredAUROC.aux)

LaTeX Warning: There were multiply-defined labels.

 ) 
Here is how much of TeX's memory you used:
 3847 strings out of 492973
 61639 string characters out of 3125363
 133442 words of memory out of 3000000
 7616 multiletter control sequences out of 15000+200000
 13197 words of font info for 47 fonts, out of 3000000 for 9000
 1141 hyphenation exceptions out of 8191
 44i,11n,46p,480b,334s stack positions out of 5000i,500n,10000p,200000b,50000s
<C:/Users/le279259/AppData/Local/Programs/MiKTeX 2.9/fonts/type1/public/amsfo
nts/cm/cmbx10.pfb><C:/Users/le279259/AppData/Local/Programs/MiKTeX 2.9/fonts/ty
pe1/public/amsfonts/cm/cmbx12.pfb><C:/Users/le279259/AppData/Local/Programs/MiK
TeX 2.9/fonts/type1/public/amsfonts/cm/cmbx8.pfb><C:/Users/le279259/AppData/Loc
al/Programs/MiKTeX 2.9/fonts/type1/public/amsfonts/cm/cmcsc10.pfb><C:/Users/le2
79259/AppData/Local/Programs/MiKTeX 2.9/fonts/type1/public/amsfonts/cm/cmex10.p
fb><C:/Users/le279259/AppData/Local/Programs/MiKTeX 2.9/fonts/type1/public/amsf
onts/cm/cmmi10.pfb><C:/Users/le279259/AppData/Local/Programs/MiKTeX 2.9/fonts/t
ype1/public/amsfonts/cm/cmmi12.pfb><C:/Users/le279259/AppData/Local/Programs/Mi
KTeX 2.9/fonts/type1/public/amsfonts/cm/cmmi6.pfb><C:/Users/le279259/AppData/Lo
cal/Programs/MiKTeX 2.9/fonts/type1/public/amsfonts/cm/cmmi7.pfb><C:/Users/le27
9259/AppData/Local/Programs/MiKTeX 2.9/fonts/type1/public/amsfonts/cm/cmmi8.pfb
><C:/Users/le279259/AppData/Local/Programs/MiKTeX 2.9/fonts/type1/public/amsfon
ts/cm/cmr10.pfb><C:/Users/le279259/AppData/Local/Programs/MiKTeX 2.9/fonts/type
1/public/amsfonts/cm/cmr12.pfb><C:/Users/le279259/AppData/Local/Programs/MiKTeX
 2.9/fonts/type1/public/amsfonts/cm/cmr17.pfb><C:/Users/le279259/AppData/Local/
Programs/MiKTeX 2.9/fonts/type1/public/amsfonts/cm/cmr6.pfb><C:/Users/le279259/
AppData/Local/Programs/MiKTeX 2.9/fonts/type1/public/amsfonts/cm/cmr7.pfb><C:/U
sers/le279259/AppData/Local/Programs/MiKTeX 2.9/fonts/type1/public/amsfonts/cm/
cmr8.pfb><C:/Users/le279259/AppData/Local/Programs/MiKTeX 2.9/fonts/type1/publi
c/amsfonts/cm/cmsy10.pfb><C:/Users/le279259/AppData/Local/Programs/MiKTeX 2.9/f
onts/type1/public/amsfonts/cm/cmsy8.pfb><C:/Users/le279259/AppData/Local/Progra
ms/MiKTeX 2.9/fonts/type1/public/amsfonts/cm/cmti12.pfb>
Output written on PredAUROC.pdf (25 pages, 466124 bytes).
PDF statistics:
 171 PDF objects out of 1000 (max. 8388607)
 0 named destinations out of 1000 (max. 500000)
 31 words of extra memory for PDF output out of 10000 (max. 10000000)

