This is pdfTeX, Version 3.14159265-2.6-1.40.18 (MiKTeX 2.9.6500 64-bit) (preloaded format=pdflatex 2018.1.15)  31 MAY 2018 15:38
entering extended mode
**./PredAUROC_CESG2018.tex
(PredAUROC_CESG2018.tex
LaTeX2e <2017-04-15>
Babel <3.15> and hyphenation patterns for 75 language(s) loaded.
("C:\Users\iky155\AppData\Local\Programs\MiKTeX 2.9\tex\latex\base\article.cls"
Document Class: article 2014/09/29 v1.4h Standard LaTeX document class
("C:\Users\iky155\AppData\Local\Programs\MiKTeX 2.9\tex\latex\base\size12.clo"
File: size12.clo 2014/09/29 v1.4h Standard LaTeX file (size option)
)
\c@part=\count79
\c@section=\count80
\c@subsection=\count81
\c@subsubsection=\count82
\c@paragraph=\count83
\c@subparagraph=\count84
\c@figure=\count85
\c@table=\count86
\abovecaptionskip=\skip41
\belowcaptionskip=\skip42
\bibindent=\dimen102
) (C:/Users/iky155/Documents/LaTeXpackages/tex/latex/fullpage.sty
Style Option FULLPAGE Version 2 as of 15 Dec 1988
) (C:/Users/iky155/Documents/LaTeXpackages/tex/latex/graphicx.sty

LaTeX Warning: You have requested package `C:/Users/iky155/Documents/LaTeXpacka
ges/tex/latex/graphicx',
               but the package provides `graphicx'.

Package: graphicx 1999/02/16 v1.0f Enhanced LaTeX Graphics (DPC,SPQR)

("C:\Users\iky155\AppData\Local\Programs\MiKTeX 2.9\tex\latex\graphics\keyval.s
ty"
Package: keyval 2014/10/28 v1.15 key=value parser (DPC)
\KV@toks@=\toks14
)
("C:\Users\iky155\AppData\Local\Programs\MiKTeX 2.9\tex\latex\graphics\graphics
.sty"
Package: graphics 2017/06/25 v1.2c Standard LaTeX Graphics (DPC,SPQR)

("C:\Users\iky155\AppData\Local\Programs\MiKTeX 2.9\tex\latex\graphics\trig.sty
"
Package: trig 2016/01/03 v1.10 sin cos tan (DPC)
)
("C:\Users\iky155\AppData\Local\Programs\MiKTeX 2.9\tex\latex\graphics-cfg\grap
hics.cfg"
File: graphics.cfg 2016/06/04 v1.11 sample graphics configuration
)
Package graphics Info: Driver file: pdftex.def on input line 99.

("C:\Users\iky155\AppData\Local\Programs\MiKTeX 2.9\tex\latex\graphics-def\pdft
ex.def"
File: pdftex.def 2017/06/24 v1.0g Graphics/color driver for pdftex
))
\Gin@req@height=\dimen103
\Gin@req@width=\dimen104
) (C:/Users/iky155/Documents/LaTeXpackages/tex/latex/subfig.sty
Style Option: `subfig' v1.2 <28 Jan 92> (M.O.)
\c@subfigure=\count87
) (C:/Users/iky155/Documents/LaTeXpackages/tex/latex/amsmath.sty

LaTeX Warning: You have requested package `C:/Users/iky155/Documents/LaTeXpacka
ges/tex/latex/amsmath',
               but the package provides `amsmath'.

Package: amsmath 1995/02/23 v1.2b AMS math features
\@mathmargin=\skip43

("C:\Users\iky155\AppData\Local\Programs\MiKTeX 2.9\tex\latex\amsmath\amstext.s
ty"
Package: amstext 2000/06/29 v2.01 AMS text

("C:\Users\iky155\AppData\Local\Programs\MiKTeX 2.9\tex\latex\amsmath\amsgen.st
y"
File: amsgen.sty 1999/11/30 v2.0 generic functions
\@emptytoks=\toks15
\ex@=\dimen105
))
("C:\Users\iky155\AppData\Local\Programs\MiKTeX 2.9\tex\latex\amsmath\amsbsy.st
y"
Package: amsbsy 1999/11/29 v1.2d Bold Symbols
\pmbraise@=\dimen106
)
("C:\Users\iky155\AppData\Local\Programs\MiKTeX 2.9\tex\latex\amsmath\amsopn.st
y"
Package: amsopn 2016/03/08 v2.02 operator names
)
LaTeX Info: Redefining \frac on input line 180.
\uproot@=\count88
\leftroot@=\count89
\classnum@=\count90
\DOTSCASE@=\count91
LaTeX Info: Redefining \dots on input line 327.
LaTeX Info: Redefining \ldots on input line 410.
LaTeX Info: Redefining \cdots on input line 414.
\Mathstrutbox@=\box26
\strutbox@=\box27
\big@size=\dimen107
LaTeX Font Info:    Redeclaring font encoding OML on input line 492.
LaTeX Font Info:    Redeclaring font encoding OMS on input line 493.
\skewcharcount@=\count92
\familycount@=\count93
\pointcount@=\count94
\accentdimen@=\dimen108
\accentmu@=\count95
\minaw@=\dimen109
\c@MaxMatrixCols=\count96
\dotsspace@=\muskip10
\c@parentequation=\count97
\dspbrk@lvl=\count98
\tag@help=\toks16
\row@=\count99
\column@=\count100
\maxfields@=\count101
\andhelp@=\toks17
\eqnshift@=\dimen110
\alignsep@=\dimen111
\tagshift@=\dimen112
\tagwidth@=\dimen113
\totwidth@=\dimen114
\lineht@=\dimen115
\@envbody=\toks18
\multlinegap=\skip44
\multlinetaggap=\skip45
) (C:/Users/iky155/Documents/LaTeXpackages/tex/latex/import.sty

LaTeX Warning: You have requested package `C:/Users/iky155/Documents/LaTeXpacka
ges/tex/latex/import',
               but the package provides `import'.

Package: import 2009/03/23  v 5.1
) (C:/Users/iky155/Documents/LaTeXpackages/tex/latex/natbib.sty

LaTeX Warning: You have requested package `C:/Users/iky155/Documents/LaTeXpacka
ges/tex/latex/natbib',
               but the package provides `natbib'.

Package: natbib 2010/09/13 8.31b (PWD, AO)
\bibhang=\skip46
\bibsep=\skip47
LaTeX Info: Redefining \cite on input line 694.
\c@NAT@ctr=\count102
) (PredAUROC_CESG2018.aux)
\openout1 = `PredAUROC_CESG2018.aux'.

LaTeX Font Info:    Checking defaults for OML/cmm/m/it on input line 120.
LaTeX Font Info:    ... okay on input line 120.
LaTeX Font Info:    Checking defaults for T1/cmr/m/n on input line 120.
LaTeX Font Info:    ... okay on input line 120.
LaTeX Font Info:    Checking defaults for OT1/cmr/m/n on input line 120.
LaTeX Font Info:    ... okay on input line 120.
LaTeX Font Info:    Checking defaults for OMS/cmsy/m/n on input line 120.
LaTeX Font Info:    ... okay on input line 120.
LaTeX Font Info:    Checking defaults for OMX/cmex/m/n on input line 120.
LaTeX Font Info:    ... okay on input line 120.
LaTeX Font Info:    Checking defaults for U/cmr/m/n on input line 120.
LaTeX Font Info:    ... okay on input line 120.

("C:\Users\iky155\AppData\Local\Programs\MiKTeX 2.9\tex\context\base\supp-pdf.m
kii"
[Loading MPS to PDF converter (version 2006.09.02).]
\scratchcounter=\count103
\scratchdimen=\dimen116
\scratchbox=\box28
\nofMPsegments=\count104
\nofMParguments=\count105
\everyMPshowfont=\toks19
\MPscratchCnt=\count106
\MPscratchDim=\dimen117
\MPnumerator=\count107
\makeMPintoPDFobject=\count108
\everyMPtoPDFconversion=\toks20
)
("C:\Users\iky155\AppData\Local\Programs\MiKTeX 2.9\tex\latex\oberdiek\epstopdf
-base.sty"
Package: epstopdf-base 2016/05/15 v2.6 Base part for package epstopdf

("C:\Users\iky155\AppData\Local\Programs\MiKTeX 2.9\tex\generic\oberdiek\infwar
err.sty"
Package: infwarerr 2016/05/16 v1.4 Providing info/warning/error messages (HO)
)
("C:\Users\iky155\AppData\Local\Programs\MiKTeX 2.9\tex\latex\oberdiek\grfext.s
ty"
Package: grfext 2016/05/16 v1.2 Manage graphics extensions (HO)

("C:\Users\iky155\AppData\Local\Programs\MiKTeX 2.9\tex\generic\oberdiek\kvdefi
nekeys.sty"
Package: kvdefinekeys 2016/05/16 v1.4 Define keys (HO)

("C:\Users\iky155\AppData\Local\Programs\MiKTeX 2.9\tex\generic\oberdiek\ltxcmd
s.sty"
Package: ltxcmds 2016/05/16 v1.23 LaTeX kernel commands for general use (HO)
)))
("C:\Users\iky155\AppData\Local\Programs\MiKTeX 2.9\tex\latex\oberdiek\kvoption
s.sty"
Package: kvoptions 2016/05/16 v3.12 Key value format for package options (HO)

("C:\Users\iky155\AppData\Local\Programs\MiKTeX 2.9\tex\generic\oberdiek\kvsetk
eys.sty"
Package: kvsetkeys 2016/05/16 v1.17 Key value parser (HO)

("C:\Users\iky155\AppData\Local\Programs\MiKTeX 2.9\tex\generic\oberdiek\etexcm
ds.sty"
Package: etexcmds 2016/05/16 v1.6 Avoid name clashes with e-TeX commands (HO)

("C:\Users\iky155\AppData\Local\Programs\MiKTeX 2.9\tex\generic\oberdiek\ifluat
ex.sty"
Package: ifluatex 2016/05/16 v1.4 Provides the ifluatex switch (HO)
Package ifluatex Info: LuaTeX not detected.
)
Package etexcmds Info: Could not find \expanded.
(etexcmds)             That can mean that you are not using pdfTeX 1.50 or
(etexcmds)             that some package has redefined \expanded.
(etexcmds)             In the latter case, load this package earlier.
)))
("C:\Users\iky155\AppData\Local\Programs\MiKTeX 2.9\tex\generic\oberdiek\pdftex
cmds.sty"
Package: pdftexcmds 2017/03/19 v0.25 Utility functions of pdfTeX for LuaTeX (HO
)

("C:\Users\iky155\AppData\Local\Programs\MiKTeX 2.9\tex\generic\oberdiek\ifpdf.
sty"
Package: ifpdf 2017/03/15 v3.2 Provides the ifpdf switch
)
Package pdftexcmds Info: LuaTeX not detected.
Package pdftexcmds Info: \pdf@primitive is available.
Package pdftexcmds Info: \pdf@ifprimitive is available.
Package pdftexcmds Info: \pdfdraftmode found.
)
Package epstopdf-base Info: Redefining graphics rule for `.eps' on input line 4
38.
Package grfext Info: Graphics extension search list:
(grfext)             [.pdf,.png,.jpg,.mps,.jpeg,.jbig2,.jb2,.PDF,.PNG,.JPG,.JPE
G,.JBIG2,.JB2,.eps]
(grfext)             \AppendGraphicsExtensions on input line 456.
) (Text/PredAUROCabstract1.tex) (Text/PredAUROCintro1.tex [1

{C:/Users/iky155/AppData/Local/MiKTeX/2.9/pdftex/config/pdftex.map}] [2] [3])
(Text/PredAUROCtheory2.tex (Figs/ROC/FigsROCcurve1.tex
<Figs/ROC/ROC_curve_3.png, id=17, 301.8778pt x 194.22563pt>
File: Figs/ROC/ROC_curve_3.png Graphic file (type png)
<use Figs/ROC/ROC_curve_3.png>
Package pdftex.def Info: Figs/ROC/ROC_curve_3.png  used on input line 11. on in
put line 11.
Package pdftex.def Info: Requested size: 226.40779pt x 145.66885pt on input lin
e 11.


LaTeX Warning: `!h' float specifier changed to `!ht'.

) [4] [5 <./Figs/ROC/ROC_curve_3.png>]
Missing character: There is no Ã in font cmr12!
Missing character: There is no ¼ in font cmr12!
 (Figs/Volume/FigsVolume1.tex
<Figs/Volume/AUROC_vol_3.png, id=31, 381.67593pt x 259.7203pt>
File: Figs/Volume/AUROC_vol_3.png Graphic file (type png)
<use Figs/Volume/AUROC_vol_3.png>
Package pdftex.def Info: Figs/Volume/AUROC_vol_3.png  used on input line 11. on
 input line 11.
Package pdftex.def Info: Requested size: 190.8375pt x 129.85983pt on input line
 11.
) [6 <./Figs/Volume/AUROC_vol_3.png>] (Figs/Classification/FigsClassification2.
tex
<Figs/Classification/LogisticReg_5.png, id=39, 284.56313pt x 219.06844pt>
File: Figs/Classification/LogisticReg_5.png Graphic file (type png)
<use Figs/Classification/LogisticReg_5.png>
Package pdftex.def Info: Figs/Classification/LogisticReg_5.png  used on input l
ine 8. on input line 8.
Package pdftex.def Info: Requested size: 211.3883pt x 162.74321pt on input line
 8.
<Figs/Classification/ROC_distns_1.png, id=40, 284.56313pt x 219.06844pt>
File: Figs/Classification/ROC_distns_1.png Graphic file (type png)
<use Figs/Classification/ROC_distns_1.png>
Package pdftex.def Info: Figs/Classification/ROC_distns_1.png  used on input li
ne 15. on input line 15.
Package pdftex.def Info: Requested size: 211.3883pt x 162.74321pt on input line
 15.
)
[7 <./Figs/Classification/LogisticReg_5.png> <./Figs/Classification/ROC_distns_
1.png>] [8]) (Text/PredAUROCsoln2.tex [9] [10] (Figs/KLD/FigsKLDdist1.tex
<Figs/KLD/KLD_calc_3.png, id=57, 361.35pt x 323.70938pt>
File: Figs/KLD/KLD_calc_3.png Graphic file (type png)
<use Figs/KLD/KLD_calc_3.png>
Package pdftex.def Info: Figs/KLD/KLD_calc_3.png  used on input line 11. on inp
ut line 11.
Package pdftex.def Info: Requested size: 180.67456pt x 161.8543pt on input line
 11.
)
[11 <./Figs/KLD/KLD_calc_3.png>] [12] [13]) (Text/PredAUROCsims1.tex [14]
Missing character: There is no Ã in font cmr12!
Missing character: There is no ¼ in font cmr12!
Missing character: There is no Ã in font cmr12!
Missing character: There is no ¼ in font cmr12!

(Figs/Forecast/FigsForecast1.tex
<Figs/Forecast/Forecast_int_1.png, id=73, 481.8pt x 481.8pt>
File: Figs/Forecast/Forecast_int_1.png Graphic file (type png)
<use Figs/Forecast/Forecast_int_1.png>
Package pdftex.def Info: Figs/Forecast/Forecast_int_1.png  used on input line 1
1. on input line 11.
Package pdftex.def Info: Requested size: 361.3491pt x 361.3491pt on input line 
11.


LaTeX Warning: `!h' float specifier changed to `!ht'.

) [15] [16 <./Figs/Forecast/Forecast_int_1.png>]
(Tabs/TabsCoverage/TabsCoverageFull1.tex

LaTeX Warning: `!h' float specifier changed to `!ht'.

) [17] [18]) (Text/PredAUROCconc1.tex
Missing character: There is no Ã in font cmr12!
Missing character: There is no ¼ in font cmr12!
 [19]) (PredAUROC_CESG2018.bbl [20]
Missing character: There is no Ã in font cmcsc10!
Missing character: There is no ¼ in font cmcsc10!
Missing character: There is no â in font cmr12!
Missing character: There is no € in font cmr12!
Missing character: There is no “ in font cmr12!
)
(Text/PredAUROCapp1.tex [21] [22]) [23] (PredAUROC_CESG2018.aux) ) 
Here is how much of TeX's memory you used:
 2513 strings out of 493312
 38131 string characters out of 3129392
 100976 words of memory out of 3000000
 5972 multiletter control sequences out of 15000+200000
 13197 words of font info for 47 fonts, out of 3000000 for 9000
 1141 hyphenation exceptions out of 8191
 41i,11n,27p,422b,276s stack positions out of 5000i,500n,10000p,200000b,50000s
<C:/Users/iky
155/AppData/Local/Programs/MiKTeX 2.9/fonts/type1/public/amsfonts/cm/cmbx10.pfb
><C:/Users/iky155/AppData/Local/Programs/MiKTeX 2.9/fonts/type1/public/amsfonts
/cm/cmbx12.pfb><C:/Users/iky155/AppData/Local/Programs/MiKTeX 2.9/fonts/type1/p
ublic/amsfonts/cm/cmbx8.pfb><C:/Users/iky155/AppData/Local/Programs/MiKTeX 2.9/
fonts/type1/public/amsfonts/cm/cmcsc10.pfb><C:/Users/iky155/AppData/Local/Progr
ams/MiKTeX 2.9/fonts/type1/public/amsfonts/cm/cmex10.pfb><C:/Users/iky155/AppDa
ta/Local/Programs/MiKTeX 2.9/fonts/type1/public/amsfonts/cm/cmmi10.pfb><C:/User
s/iky155/AppData/Local/Programs/MiKTeX 2.9/fonts/type1/public/amsfonts/cm/cmmi1
2.pfb><C:/Users/iky155/AppData/Local/Programs/MiKTeX 2.9/fonts/type1/public/ams
fonts/cm/cmmi6.pfb><C:/Users/iky155/AppData/Local/Programs/MiKTeX 2.9/fonts/typ
e1/public/amsfonts/cm/cmmi7.pfb><C:/Users/iky155/AppData/Local/Programs/MiKTeX 
2.9/fonts/type1/public/amsfonts/cm/cmmi8.pfb><C:/Users/iky155/AppData/Local/Pro
grams/MiKTeX 2.9/fonts/type1/public/amsfonts/cm/cmr10.pfb><C:/Users/iky155/AppD
ata/Local/Programs/MiKTeX 2.9/fonts/type1/public/amsfonts/cm/cmr12.pfb><C:/User
s/iky155/AppData/Local/Programs/MiKTeX 2.9/fonts/type1/public/amsfonts/cm/cmr17
.pfb><C:/Users/iky155/AppData/Local/Programs/MiKTeX 2.9/fonts/type1/public/amsf
onts/cm/cmr6.pfb><C:/Users/iky155/AppData/Local/Programs/MiKTeX 2.9/fonts/type1
/public/amsfonts/cm/cmr7.pfb><C:/Users/iky155/AppData/Local/Programs/MiKTeX 2.9
/fonts/type1/public/amsfonts/cm/cmr8.pfb><C:/Users/iky155/AppData/Local/Program
s/MiKTeX 2.9/fonts/type1/public/amsfonts/cm/cmsy10.pfb><C:/Users/iky155/AppData
/Local/Programs/MiKTeX 2.9/fonts/type1/public/amsfonts/cm/cmsy8.pfb><C:/Users/i
ky155/AppData/Local/Programs/MiKTeX 2.9/fonts/type1/public/amsfonts/cm/cmti12.p
fb>
Output written on PredAUROC_CESG2018.pdf (23 pages, 458898 bytes).
PDF statistics:
 164 PDF objects out of 1000 (max. 8388607)
 0 named destinations out of 1000 (max. 500000)
 31 words of extra memory for PDF output out of 10000 (max. 10000000)

