This is pdfTeX, Version 3.14159265-2.6-1.40.19 (MiKTeX 2.9.6745 64-bit) (preloaded format=pdflatex 2018.8.17)  16 JAN 2019 21:32
entering extended mode
**C:/Users/le279259/Documents/Research/CIforAUROC/CI_for_AUROC/Article/Text/Boo
tAUROCintro1.tex

(C:/Users/le279259/Documents/Research/CIforAUROC/CI_for_AUROC/Article/Text/Boot
AUROCintro1.tex
LaTeX2e <2018-04-01> patch level 5
! Undefined control sequence.
l.8 \section
            {Introduction}
? 
! Emergency stop.
l.8 \section
            {Introduction}
End of file on the terminal!

 
Here is how much of TeX's memory you used:
 8 strings out of 492973
 423 string characters out of 3125363
 56021 words of memory out of 3000000
 3978 multiletter control sequences out of 15000+200000
 3640 words of font info for 14 fonts, out of 3000000 for 9000
 1141 hyphenation exceptions out of 8191
 5i,0n,1p,208b,8s stack positions out of 5000i,500n,10000p,200000b,50000s
!  ==> Fatal error occurred, no output PDF file produced!
